2025-04-04 08:14:34,366 - data_processor - DEBUG - Entering process_vaccination_data
2025-04-04 08:14:34,418 - data_processor - DEBUG - process_vaccination_data args: (<data_processor.VaccinationDataProcessor object at 0x0000020C62AFC1A0>,            date  daily_first_dose  ...  Novavax_daily  Novavax_percentage
0    2024-04-04           6149243  ...         307462                 5.0
1    2024-04-05             79581  ...           3979                 5.0
2    2024-04-06             80435  ...           4021                 5.0
3    2024-04-07             81296  ...           4064                 5.0
4    2024-04-08             82160  ...           4108                 5.0
..          ...               ...  ...            ...                 ...
361  2025-03-31             16716  ...           9737                 5.0
362  2025-04-01             16479  ...           9680                 5.0
363  2025-04-02             16247  ...           9623                 5.0
364  2025-04-03             16018  ...           9566                 5.0
365  2025-04-04             15790  ...           9508                 5.0

[366 rows x 20 columns])
2025-04-04 08:14:34,419 - data_processor - INFO - Processing vaccination data
2025-04-04 08:14:34,472 - data_processor - INFO - Saved processed vaccination data to C:\Users\mycol\edu\SouthKoreaVaccineProject\data\processed\processed_vaccination_data.csv
2025-04-04 08:14:34,472 - data_processor - DEBUG - Exiting process_vaccination_data (execution time: 0.05s)
2025-04-04 08:14:34,472 - data_processor - DEBUG - Entering process_daily_stats
2025-04-04 08:14:34,513 - data_processor - DEBUG - process_daily_stats args: (<data_processor.VaccinationDataProcessor object at 0x0000020C62AFC1A0>,            date  daily_cases  daily_deaths  daily_tests  positivity_rate
0    2024-04-04         1181            17        91573             1.29
1    2024-04-05         2616            15        94055             2.78
2    2024-04-06         1808            22        93850             1.93
3    2024-04-07         2625            26        90459             2.90
4    2024-04-08         3306            24        97538             3.39
..          ...          ...           ...          ...              ...
361  2025-03-31          380             3       114886             0.33
362  2025-04-01          514             3        92393             0.56
363  2025-04-02          375             4        96243             0.39
364  2025-04-03          418             1       100309             0.42
365  2025-04-04          395             5        97169             0.41

[366 rows x 5 columns],           date  daily_first_dose  ...  daily_booster_change  daily_total_change
0   2024-04-04           6149243  ...                   NaN                 NaN
1   2024-04-05             79581  ...                   NaN          -98.705841
2   2024-04-06             80435  ...                   NaN            1.073120
3   2024-04-07             81296  ...                   NaN            1.070430
4   2024-04-08             82160  ...                   NaN            1.062783
..         ...               ...  ...                   ...                 ...
361 2025-03-31             16716  ...             -0.353019           -0.574366
362 2025-04-01             16479  ...             -0.362751           -0.581792
363 2025-04-02             16247  ...             -0.373894           -0.588296
364 2025-04-03             16018  ...             -0.383842           -0.594375
365 2025-04-04             15790  ...             -0.395218           -0.602633

[366 rows x 29 columns])
2025-04-04 08:14:34,513 - data_processor - INFO - Processing daily stats
2025-04-04 08:14:34,538 - data_processor - INFO - Saved processed daily stats to C:\Users\mycol\edu\SouthKoreaVaccineProject\data\processed\processed_daily_stats.csv
2025-04-04 08:14:34,538 - data_processor - DEBUG - Exiting process_daily_stats (execution time: 0.03s)
2025-04-04 08:14:34,538 - data_processor - DEBUG - Entering process_regional_data
2025-04-04 08:14:34,547 - data_processor - DEBUG - process_regional_data args: (<data_processor.VaccinationDataProcessor object at 0x0000020C62AFC1A0>,        region  population  ...  second_dose_percentage  booster_percentage
0       Seoul    10200000  ...                   96.65               60.41
1       Busan     3570000  ...                   85.32               53.32
2       Daegu     2550000  ...                   84.28               52.67
3     Incheon     3060000  ...                   80.16               50.10
4     Gwangju     1530000  ...                   76.04               47.53
5     Daejeon     1530000  ...                   81.40               50.87
6       Ulsan     1020000  ...                   71.24               44.52
7      Sejong      510000  ...                   86.28               53.92
8    Gyeonggi    12750000  ...                   86.56               54.10
9     Gangwon     1530000  ...                   73.35               45.84
10   Chungbuk     1530000  ...                   60.94               38.09
11   Chungnam     2040000  ...                   71.35               44.59
12    Jeonbuk     1530000  ...                   84.55               52.84
13    Jeonnam     1530000  ...                   81.37               50.86
14  Gyeongbuk     2550000  ...                   81.41               50.88
15  Gyeongnam     3060000  ...                   80.32               50.20
16       Jeju      510000  ...                   85.26               53.29

[17 rows x 8 columns])
2025-04-04 08:14:34,548 - data_processor - INFO - Processing regional data
2025-04-04 08:14:34,555 - data_processor - INFO - Saved processed regional data to C:\Users\mycol\edu\SouthKoreaVaccineProject\data\processed\processed_regional_data.csv
2025-04-04 08:14:34,555 - data_processor - DEBUG - Exiting process_regional_data (execution time: 0.01s)
2025-04-04 08:14:34,555 - data_processor - DEBUG - Entering generate_vaccination_summary
2025-04-04 08:14:34,597 - data_processor - DEBUG - generate_vaccination_summary args: (<data_processor.VaccinationDataProcessor object at 0x0000020C62AFC1A0>,           date  daily_first_dose  ...  daily_booster_change  daily_total_change
0   2024-04-04           6149243  ...                   NaN                 NaN
1   2024-04-05             79581  ...                   NaN          -98.705841
2   2024-04-06             80435  ...                   NaN            1.073120
3   2024-04-07             81296  ...                   NaN            1.070430
4   2024-04-08             82160  ...                   NaN            1.062783
..         ...               ...  ...                   ...                 ...
361 2025-03-31             16716  ...             -0.353019           -0.574366
362 2025-04-01             16479  ...             -0.362751           -0.581792
363 2025-04-02             16247  ...             -0.373894           -0.588296
364 2025-04-03             16018  ...             -0.383842           -0.594375
365 2025-04-04             15790  ...             -0.395218           -0.602633

[366 rows x 29 columns],        region  population  ...  second_dose_percentage_rank  booster_percentage_rank
0       Seoul    10200000  ...                            1                        1
1       Busan     3570000  ...                            4                        4
2       Daegu     2550000  ...                            7                        7
3     Incheon     3060000  ...                           12                       12
4     Gwangju     1530000  ...                           13                       13
5     Daejeon     1530000  ...                            9                        9
6       Ulsan     1020000  ...                           16                       16
7      Sejong      510000  ...                            3                        3
8    Gyeonggi    12750000  ...                            2                        2
9     Gangwon     1530000  ...                           14                       14
10   Chungbuk     1530000  ...                           17                       17
11   Chungnam     2040000  ...                           15                       15
12    Jeonbuk     1530000  ...                            6                        6
13    Jeonnam     1530000  ...                           10                       10
14  Gyeongbuk     2550000  ...                            8                        8
15  Gyeongnam     3060000  ...                           11                       11
16       Jeju      510000  ...                            5                        5

[17 rows x 15 columns])
2025-04-04 08:14:34,598 - data_processor - INFO - Generating vaccination summary
2025-04-04 08:14:34,605 - data_processor - INFO - Saved vaccination summary to C:\Users\mycol\edu\SouthKoreaVaccineProject\data\processed\vaccination_summary.json
2025-04-04 08:14:34,605 - data_processor - DEBUG - Exiting generate_vaccination_summary (execution time: 0.01s)
2025-04-04 08:56:55,205 - data_processor - DEBUG - Entering process_vaccination_data
2025-04-04 08:56:55,246 - data_processor - DEBUG - process_vaccination_data args: (<data_processor.VaccinationDataProcessor object at 0x0000019FBC6E8590>,            date  daily_first_dose  ...  Novavax_daily  Novavax_percentage
0    2024-04-04           6149243  ...         307462                 5.0
1    2024-04-05             79581  ...           3979                 5.0
2    2024-04-06             80435  ...           4021                 5.0
3    2024-04-07             81296  ...           4064                 5.0
4    2024-04-08             82160  ...           4108                 5.0
..          ...               ...  ...            ...                 ...
361  2025-03-31             16716  ...           9737                 5.0
362  2025-04-01             16479  ...           9680                 5.0
363  2025-04-02             16247  ...           9623                 5.0
364  2025-04-03             16018  ...           9566                 5.0
365  2025-04-04             15790  ...           9508                 5.0

[366 rows x 20 columns])
2025-04-04 08:56:55,246 - data_processor - INFO - Processing vaccination data
2025-04-04 08:56:55,275 - data_processor - INFO - Saved processed vaccination data to C:\Users\mycol\edu\SouthKoreaVaccineProject\data\processed\processed_vaccination_data.csv
2025-04-04 08:56:55,275 - data_processor - DEBUG - Exiting process_vaccination_data (execution time: 0.03s)
2025-04-04 08:56:55,277 - data_processor - DEBUG - Entering process_daily_stats
2025-04-04 08:56:55,303 - data_processor - DEBUG - process_daily_stats args: (<data_processor.VaccinationDataProcessor object at 0x0000019FBC6E8590>,            date  daily_cases  daily_deaths  daily_tests  positivity_rate
0    2024-04-04         1181            17        91573             1.29
1    2024-04-05         2616            15        94055             2.78
2    2024-04-06         1808            22        93850             1.93
3    2024-04-07         2625            26        90459             2.90
4    2024-04-08         3306            24        97538             3.39
..          ...          ...           ...          ...              ...
361  2025-03-31          380             3       114886             0.33
362  2025-04-01          514             3        92393             0.56
363  2025-04-02          375             4        96243             0.39
364  2025-04-03          418             1       100309             0.42
365  2025-04-04          395             5        97169             0.41

[366 rows x 5 columns],           date  daily_first_dose  ...  daily_booster_change  daily_total_change
0   2024-04-04           6149243  ...                   NaN                 NaN
1   2024-04-05             79581  ...                   NaN          -98.705841
2   2024-04-06             80435  ...                   NaN            1.073120
3   2024-04-07             81296  ...                   NaN            1.070430
4   2024-04-08             82160  ...                   NaN            1.062783
..         ...               ...  ...                   ...                 ...
361 2025-03-31             16716  ...             -0.353019           -0.574366
362 2025-04-01             16479  ...             -0.362751           -0.581792
363 2025-04-02             16247  ...             -0.373894           -0.588296
364 2025-04-03             16018  ...             -0.383842           -0.594375
365 2025-04-04             15790  ...             -0.395218           -0.602633

[366 rows x 29 columns])
2025-04-04 08:56:55,303 - data_processor - INFO - Processing daily stats
2025-04-04 08:56:55,328 - data_processor - INFO - Saved processed daily stats to C:\Users\mycol\edu\SouthKoreaVaccineProject\data\processed\processed_daily_stats.csv
2025-04-04 08:56:55,329 - data_processor - DEBUG - Exiting process_daily_stats (execution time: 0.03s)
2025-04-04 08:56:55,331 - data_processor - DEBUG - Entering process_regional_data
2025-04-04 08:56:55,341 - data_processor - DEBUG - process_regional_data args: (<data_processor.VaccinationDataProcessor object at 0x0000019FBC6E8590>,        region  population  ...  second_dose_percentage  booster_percentage
0       Seoul    10200000  ...                   96.65               60.41
1       Busan     3570000  ...                   85.32               53.32
2       Daegu     2550000  ...                   84.28               52.67
3     Incheon     3060000  ...                   80.16               50.10
4     Gwangju     1530000  ...                   76.04               47.53
5     Daejeon     1530000  ...                   81.40               50.87
6       Ulsan     1020000  ...                   71.24               44.52
7      Sejong      510000  ...                   86.28               53.92
8    Gyeonggi    12750000  ...                   86.56               54.10
9     Gangwon     1530000  ...                   73.35               45.84
10   Chungbuk     1530000  ...                   60.94               38.09
11   Chungnam     2040000  ...                   71.35               44.59
12    Jeonbuk     1530000  ...                   84.55               52.84
13    Jeonnam     1530000  ...                   81.37               50.86
14  Gyeongbuk     2550000  ...                   81.41               50.88
15  Gyeongnam     3060000  ...                   80.32               50.20
16       Jeju      510000  ...                   85.26               53.29

[17 rows x 8 columns])
2025-04-04 08:56:55,341 - data_processor - INFO - Processing regional data
2025-04-04 08:56:55,349 - data_processor - INFO - Saved processed regional data to C:\Users\mycol\edu\SouthKoreaVaccineProject\data\processed\processed_regional_data.csv
2025-04-04 08:56:55,349 - data_processor - DEBUG - Exiting process_regional_data (execution time: 0.01s)
2025-04-04 08:56:55,351 - data_processor - DEBUG - Entering generate_vaccination_summary
2025-04-04 08:56:55,386 - data_processor - DEBUG - generate_vaccination_summary args: (<data_processor.VaccinationDataProcessor object at 0x0000019FBC6E8590>,           date  daily_first_dose  ...  daily_booster_change  daily_total_change
0   2024-04-04           6149243  ...                   NaN                 NaN
1   2024-04-05             79581  ...                   NaN          -98.705841
2   2024-04-06             80435  ...                   NaN            1.073120
3   2024-04-07             81296  ...                   NaN            1.070430
4   2024-04-08             82160  ...                   NaN            1.062783
..         ...               ...  ...                   ...                 ...
361 2025-03-31             16716  ...             -0.353019           -0.574366
362 2025-04-01             16479  ...             -0.362751           -0.581792
363 2025-04-02             16247  ...             -0.373894           -0.588296
364 2025-04-03             16018  ...             -0.383842           -0.594375
365 2025-04-04             15790  ...             -0.395218           -0.602633

[366 rows x 29 columns],        region  population  ...  second_dose_percentage_rank  booster_percentage_rank
0       Seoul    10200000  ...                            1                        1
1       Busan     3570000  ...                            4                        4
2       Daegu     2550000  ...                            7                        7
3     Incheon     3060000  ...                           12                       12
4     Gwangju     1530000  ...                           13                       13
5     Daejeon     1530000  ...                            9                        9
6       Ulsan     1020000  ...                           16                       16
7      Sejong      510000  ...                            3                        3
8    Gyeonggi    12750000  ...                            2                        2
9     Gangwon     1530000  ...                           14                       14
10   Chungbuk     1530000  ...                           17                       17
11   Chungnam     2040000  ...                           15                       15
12    Jeonbuk     1530000  ...                            6                        6
13    Jeonnam     1530000  ...                           10                       10
14  Gyeongbuk     2550000  ...                            8                        8
15  Gyeongnam     3060000  ...                           11                       11
16       Jeju      510000  ...                            5                        5

[17 rows x 15 columns])
2025-04-04 08:56:55,386 - data_processor - INFO - Generating vaccination summary
2025-04-04 08:56:55,392 - data_processor - INFO - Saved vaccination summary to C:\Users\mycol\edu\SouthKoreaVaccineProject\data\processed\vaccination_summary.json
2025-04-04 08:56:55,392 - data_processor - DEBUG - Exiting generate_vaccination_summary (execution time: 0.01s)
2025-04-04 09:00:00,777 - data_processor - DEBUG - Entering process_vaccination_data
2025-04-04 09:00:00,801 - data_processor - DEBUG - process_vaccination_data args: (<data_processor.VaccinationDataProcessor object at 0x000001C86B01C590>,            date  daily_first_dose  ...  Novavax_daily  Novavax_percentage
0    2024-04-04           6149243  ...         307462                 5.0
1    2024-04-05             79581  ...           3979                 5.0
2    2024-04-06             80435  ...           4021                 5.0
3    2024-04-07             81296  ...           4064                 5.0
4    2024-04-08             82160  ...           4108                 5.0
..          ...               ...  ...            ...                 ...
361  2025-03-31             16716  ...           9737                 5.0
362  2025-04-01             16479  ...           9680                 5.0
363  2025-04-02             16247  ...           9623                 5.0
364  2025-04-03             16018  ...           9566                 5.0
365  2025-04-04             15790  ...           9508                 5.0

[366 rows x 20 columns])
2025-04-04 09:00:00,801 - data_processor - INFO - Processing vaccination data
2025-04-04 09:00:00,820 - data_processor - INFO - Saved processed vaccination data to C:\Users\mycol\edu\SouthKoreaVaccineProject\data\processed\processed_vaccination_data.csv
2025-04-04 09:00:00,821 - data_processor - DEBUG - Exiting process_vaccination_data (execution time: 0.02s)
2025-04-04 09:00:00,823 - data_processor - DEBUG - Entering process_daily_stats
2025-04-04 09:00:00,848 - data_processor - DEBUG - process_daily_stats args: (<data_processor.VaccinationDataProcessor object at 0x000001C86B01C590>,            date  daily_cases  daily_deaths  daily_tests  positivity_rate
0    2024-04-04         1181            17        91573             1.29
1    2024-04-05         2616            15        94055             2.78
2    2024-04-06         1808            22        93850             1.93
3    2024-04-07         2625            26        90459             2.90
4    2024-04-08         3306            24        97538             3.39
..          ...          ...           ...          ...              ...
361  2025-03-31          380             3       114886             0.33
362  2025-04-01          514             3        92393             0.56
363  2025-04-02          375             4        96243             0.39
364  2025-04-03          418             1       100309             0.42
365  2025-04-04          395             5        97169             0.41

[366 rows x 5 columns],           date  daily_first_dose  ...  daily_booster_change  daily_total_change
0   2024-04-04           6149243  ...                   NaN                 NaN
1   2024-04-05             79581  ...                   NaN          -98.705841
2   2024-04-06             80435  ...                   NaN            1.073120
3   2024-04-07             81296  ...                   NaN            1.070430
4   2024-04-08             82160  ...                   NaN            1.062783
..         ...               ...  ...                   ...                 ...
361 2025-03-31             16716  ...             -0.353019           -0.574366
362 2025-04-01             16479  ...             -0.362751           -0.581792
363 2025-04-02             16247  ...             -0.373894           -0.588296
364 2025-04-03             16018  ...             -0.383842           -0.594375
365 2025-04-04             15790  ...             -0.395218           -0.602633

[366 rows x 29 columns])
2025-04-04 09:00:00,848 - data_processor - INFO - Processing daily stats
2025-04-04 09:00:00,864 - data_processor - INFO - Saved processed daily stats to C:\Users\mycol\edu\SouthKoreaVaccineProject\data\processed\processed_daily_stats.csv
2025-04-04 09:00:00,864 - data_processor - DEBUG - Exiting process_daily_stats (execution time: 0.02s)
2025-04-04 09:00:00,866 - data_processor - DEBUG - Entering process_regional_data
2025-04-04 09:00:00,875 - data_processor - DEBUG - process_regional_data args: (<data_processor.VaccinationDataProcessor object at 0x000001C86B01C590>,        region  population  ...  second_dose_percentage  booster_percentage
0       Seoul    10200000  ...                   96.65               60.41
1       Busan     3570000  ...                   85.32               53.32
2       Daegu     2550000  ...                   84.28               52.67
3     Incheon     3060000  ...                   80.16               50.10
4     Gwangju     1530000  ...                   76.04               47.53
5     Daejeon     1530000  ...                   81.40               50.87
6       Ulsan     1020000  ...                   71.24               44.52
7      Sejong      510000  ...                   86.28               53.92
8    Gyeonggi    12750000  ...                   86.56               54.10
9     Gangwon     1530000  ...                   73.35               45.84
10   Chungbuk     1530000  ...                   60.94               38.09
11   Chungnam     2040000  ...                   71.35               44.59
12    Jeonbuk     1530000  ...                   84.55               52.84
13    Jeonnam     1530000  ...                   81.37               50.86
14  Gyeongbuk     2550000  ...                   81.41               50.88
15  Gyeongnam     3060000  ...                   80.32               50.20
16       Jeju      510000  ...                   85.26               53.29

[17 rows x 8 columns])
2025-04-04 09:00:00,875 - data_processor - INFO - Processing regional data
2025-04-04 09:00:00,880 - data_processor - INFO - Saved processed regional data to C:\Users\mycol\edu\SouthKoreaVaccineProject\data\processed\processed_regional_data.csv
2025-04-04 09:00:00,880 - data_processor - DEBUG - Exiting process_regional_data (execution time: 0.01s)
2025-04-04 09:00:00,883 - data_processor - DEBUG - Entering generate_vaccination_summary
2025-04-04 09:00:00,914 - data_processor - DEBUG - generate_vaccination_summary args: (<data_processor.VaccinationDataProcessor object at 0x000001C86B01C590>,           date  daily_first_dose  ...  daily_booster_change  daily_total_change
0   2024-04-04           6149243  ...                   NaN                 NaN
1   2024-04-05             79581  ...                   NaN          -98.705841
2   2024-04-06             80435  ...                   NaN            1.073120
3   2024-04-07             81296  ...                   NaN            1.070430
4   2024-04-08             82160  ...                   NaN            1.062783
..         ...               ...  ...                   ...                 ...
361 2025-03-31             16716  ...             -0.353019           -0.574366
362 2025-04-01             16479  ...             -0.362751           -0.581792
363 2025-04-02             16247  ...             -0.373894           -0.588296
364 2025-04-03             16018  ...             -0.383842           -0.594375
365 2025-04-04             15790  ...             -0.395218           -0.602633

[366 rows x 29 columns],        region  population  ...  second_dose_percentage_rank  booster_percentage_rank
0       Seoul    10200000  ...                            1                        1
1       Busan     3570000  ...                            4                        4
2       Daegu     2550000  ...                            7                        7
3     Incheon     3060000  ...                           12                       12
4     Gwangju     1530000  ...                           13                       13
5     Daejeon     1530000  ...                            9                        9
6       Ulsan     1020000  ...                           16                       16
7      Sejong      510000  ...                            3                        3
8    Gyeonggi    12750000  ...                            2                        2
9     Gangwon     1530000  ...                           14                       14
10   Chungbuk     1530000  ...                           17                       17
11   Chungnam     2040000  ...                           15                       15
12    Jeonbuk     1530000  ...                            6                        6
13    Jeonnam     1530000  ...                           10                       10
14  Gyeongbuk     2550000  ...                            8                        8
15  Gyeongnam     3060000  ...                           11                       11
16       Jeju      510000  ...                            5                        5

[17 rows x 15 columns])
2025-04-04 09:00:00,914 - data_processor - INFO - Generating vaccination summary
2025-04-04 09:00:00,917 - data_processor - INFO - Saved vaccination summary to C:\Users\mycol\edu\SouthKoreaVaccineProject\data\processed\vaccination_summary.json
2025-04-04 09:00:00,917 - data_processor - DEBUG - Exiting generate_vaccination_summary (execution time: 0.00s)
