2025-04-04 08:10:43,439 - main - ERROR - Failed to fetch data from all sources: name 'fetcher' is not defined
2025-04-04 08:14:34,337 - main - DEBUG - Entering run_vaccination_analysis
2025-04-04 08:14:34,338 - main - DEBUG - run_vaccination_analysis kwargs: {'refresh_data': False, 'open_dashboard': True}
2025-04-04 08:14:34,338 - main - INFO - Starting South Korea COVID-19 vaccination analysis
2025-04-04 08:14:34,339 - main - INFO - Fetching data...
2025-04-04 08:14:34,366 - main - INFO - Processing data...
2025-04-04 08:14:34,605 - main - INFO - Creating visualizations...
2025-04-04 08:14:38,142 - main - INFO - Creating dashboard...
2025-04-04 08:14:38,418 - main - INFO - Analysis complete. Dashboard saved to C:\Users\mycol\edu\SouthKoreaVaccineProject\output\dashboard.html
2025-04-04 08:14:38,616 - main - INFO - Opening dashboard in web browser
2025-04-04 08:14:39,272 - main - DEBUG - Exiting run_vaccination_analysis (execution time: 4.93s)
2025-04-04 08:56:55,085 - main - DEBUG - Entering run_vaccination_analysis
2025-04-04 08:56:55,086 - main - DEBUG - run_vaccination_analysis kwargs: {'refresh_data': False, 'open_dashboard': True, 'retry_count': 3}
2025-04-04 08:56:55,086 - main - INFO - Starting South Korea COVID-19 vaccination analysis
2025-04-04 08:56:55,086 - main - INFO - Fetching data...
2025-04-04 08:56:55,087 - main - INFO - Data fetch attempt 1/3
2025-04-04 08:56:55,204 - main - INFO - Processing data...
2025-04-04 08:56:55,394 - main - INFO - Creating visualizations...
2025-04-04 08:56:58,389 - main - INFO - Creating dashboard...
2025-04-04 08:56:58,434 - main - INFO - Opening dashboard in web browser
2025-04-04 08:56:58,650 - main - DEBUG - Exiting run_vaccination_analysis (execution time: 3.56s)
